0 info it worked if it ends with ok
1 verbose cli [ '/Users/jacobroman/.nvm/versions/node/v6.8.1/bin/node',
1 verbose cli   '/Users/jacobroman/.nvm/versions/node/v6.8.1/bin/npm',
1 verbose cli   'run',
1 verbose cli   'csslint' ]
2 info using npm@3.10.8
3 info using node@v6.8.1
4 verbose run-script [ 'precsslint', 'csslint', 'postcsslint' ]
5 info lifecycle browser-solidity@1.0.0~precsslint: browser-solidity@1.0.0
6 silly lifecycle browser-solidity@1.0.0~precsslint: no script for precsslint, continuing
7 info lifecycle browser-solidity@1.0.0~csslint: browser-solidity@1.0.0
8 verbose lifecycle browser-solidity@1.0.0~csslint: unsafe-perm in lifecycle true
9 verbose lifecycle browser-solidity@1.0.0~csslint: PATH: /Users/jacobroman/.nvm/versions/node/v6.8.1/lib/node_modules/npm/bin/node-gyp-bin:/Users/jacobroman/Documents/www/browser-solidity/node_modules/.bin:/Users/jacobroman/.nvm/versions/node/v6.8.1/bin:/usr/local/bin:/usr/bin:/bin:/usr/sbin:/sbin
10 verbose lifecycle browser-solidity@1.0.0~csslint: CWD: /Users/jacobroman/Documents/www/browser-solidity
11 silly lifecycle browser-solidity@1.0.0~csslint: Args: [ '-c',
11 silly lifecycle   'csslint --ignore=order-alphabetical --errors=\'errors,duplicate-properties,empty-rules\' --exclude-list=\'assets/css/font-awesome.min.css\' assets/css/' ]
12 silly lifecycle browser-solidity@1.0.0~csslint: Returned: code: 1  signal: null
13 info lifecycle browser-solidity@1.0.0~csslint: Failed to exec csslint script
14 verbose stack Error: browser-solidity@1.0.0 csslint: `csslint --ignore=order-alphabetical --errors='errors,duplicate-properties,empty-rules' --exclude-list='assets/css/font-awesome.min.css' assets/css/`
14 verbose stack Exit status 1
14 verbose stack     at EventEmitter.<anonymous> (/Users/jacobroman/.nvm/versions/node/v6.8.1/lib/node_modules/npm/lib/utils/lifecycle.js:255:16)
14 verbose stack     at emitTwo (events.js:106:13)
14 verbose stack     at EventEmitter.emit (events.js:191:7)
14 verbose stack     at ChildProcess.<anonymous> (/Users/jacobroman/.nvm/versions/node/v6.8.1/lib/node_modules/npm/lib/utils/spawn.js:40:14)
14 verbose stack     at emitTwo (events.js:106:13)
14 verbose stack     at ChildProcess.emit (events.js:191:7)
14 verbose stack     at maybeClose (internal/child_process.js:877:16)
14 verbose stack     at Process.ChildProcess._handle.onexit (internal/child_process.js:226:5)
15 verbose pkgid browser-solidity@1.0.0
16 verbose cwd /Users/jacobroman/Documents/www/browser-solidity
17 error Darwin 15.6.0
18 error argv "/Users/jacobroman/.nvm/versions/node/v6.8.1/bin/node" "/Users/jacobroman/.nvm/versions/node/v6.8.1/bin/npm" "run" "csslint"
19 error node v6.8.1
20 error npm  v3.10.8
21 error code ELIFECYCLE
22 error browser-solidity@1.0.0 csslint: `csslint --ignore=order-alphabetical --errors='errors,duplicate-properties,empty-rules' --exclude-list='assets/css/font-awesome.min.css' assets/css/`
22 error Exit status 1
23 error Failed at the browser-solidity@1.0.0 csslint script 'csslint --ignore=order-alphabetical --errors='errors,duplicate-properties,empty-rules' --exclude-list='assets/css/font-awesome.min.css' assets/css/'.
23 error Make sure you have the latest version of node.js and npm installed.
23 error If you do, this is most likely a problem with the browser-solidity package,
23 error not with npm itself.
23 error Tell the author that this fails on your system:
23 error     csslint --ignore=order-alphabetical --errors='errors,duplicate-properties,empty-rules' --exclude-list='assets/css/font-awesome.min.css' assets/css/
23 error You can get information on how to open an issue for this project with:
23 error     npm bugs browser-solidity
23 error Or if that isn't available, you can get their info via:
23 error     npm owner ls browser-solidity
23 error There is likely additional logging output above.
24 verbose exit [ 1, true ]
